<?xml version="1.0" encoding="UTF-8"?>
<Site BuildName="(empty)"
	BuildStamp="20251217-1530-Experimental"
	Name="david-desktop"
	Generator="ctest-3.28.3"
	CompilerName="/usr/bin/c++"
	CompilerVersion="13.3.0"
	OSName="Linux"
	Hostname="david-desktop"
	OSRelease="6.8.0-88-generic"
	OSVersion="#89-Ubuntu SMP PREEMPT_DYNAMIC Sat Oct 11 01:02:46 UTC 2025"
	OSPlatform="x86_64"
	Is64Bits="1"
	VendorString="AuthenticAMD"
	VendorID="Advanced Micro Devices"
	FamilyID="23"
	ModelID="104"
	ProcessorCacheSize="512"
	NumberOfLogicalCPU="12"
	NumberOfPhysicalCPU="6"
	TotalVirtualMemory="2047"
	TotalPhysicalMemory="15323"
	LogicalProcessorsPerPhysical="2"
	ProcessorClockFrequency="3967.42"
	>
	<Testing>
		<StartDateTime>Dec 17 17:10 CET</StartDateTime>
		<StartTestTime>1765987844</StartTestTime>
		<TestList/>
		<EndDateTime>Dec 17 17:10 CET</EndDateTime>
		<EndTestTime>1765987844</EndTestTime>
		<ElapsedMinutes>0</ElapsedMinutes>
	</Testing>
</Site>
