[0.022s] Invoking command in '/home/david/Documents/04_MOD/Labor4/ros2_ws/build/tb3_slalom': CMAKE_PREFIX_PATH=${CMAKE_PREFIX_PATH}:/home/david/turtlebot3_ws/install/turtlebot3_teleop:/home/david/turtlebot3_ws/install/turtlebot3_example:/opt/ros/jazzy DEBUGINFOD_URLS=https://debuginfod.ubuntu.com /usr/bin/cmake --build /home/david/Documents/04_MOD/Labor4/ros2_ws/build/tb3_slalom -- -j12 -l12
[0.134s] [ 50%] [32mBuilding CXX object CMakeFiles/tb3_slalom_node.dir/src/tb3_slalom.cpp.o[0m
[3.173s] [01m[K/home/david/Documents/04_MOD/Labor4/ros2_ws/src/tb3_slalom/src/tb3_slalom.cpp:[m[K In member function â€˜[01m[Kvoid MOD_TB3::[01;32m[Kcontrol_loop[m[K()[m[Kâ€™:
[3.173s] [01m[K/home/david/Documents/04_MOD/Labor4/ros2_ws/src/tb3_slalom/src/tb3_slalom.cpp:117:50:[m[K [01;31m[Kerror: [m[Kâ€˜[01m[Kstart_jaw[m[Kâ€™ was not declared in this scope; did you mean â€˜[01m[Kstart_yaw[m[Kâ€™?
[3.173s]   117 |                 double delta_yaw = current_yaw - [01;31m[Kstart_jaw[m[K;
[3.173s]       |                                                  [01;31m[K^~~~~~~~~[m[K
[3.173s]       |                                                  [32m[Kstart_yaw[m[K
[7.164s] gmake[2]: *** [CMakeFiles/tb3_slalom_node.dir/build.make:76: CMakeFiles/tb3_slalom_node.dir/src/tb3_slalom.cpp.o] Error 1
[7.165s] gmake[1]: *** [CMakeFiles/Makefile2:137: CMakeFiles/tb3_slalom_node.dir/all] Error 2
[7.165s] gmake: *** [Makefile:146: all] Error 2
[7.168s] Invoked command in '/home/david/Documents/04_MOD/Labor4/ros2_ws/build/tb3_slalom' returned '2': CMAKE_PREFIX_PATH=${CMAKE_PREFIX_PATH}:/home/david/turtlebot3_ws/install/turtlebot3_teleop:/home/david/turtlebot3_ws/install/turtlebot3_example:/opt/ros/jazzy DEBUGINFOD_URLS=https://debuginfod.ubuntu.com /usr/bin/cmake --build /home/david/Documents/04_MOD/Labor4/ros2_ws/build/tb3_slalom -- -j12 -l12
