[0.024s] Invoking command in '/home/david/Documents/04_MOD/Labor4/ros2_ws/build/tb3_slalom': CMAKE_PREFIX_PATH=${CMAKE_PREFIX_PATH}:/home/david/turtlebot3_ws/install/turtlebot3_teleop:/home/david/turtlebot3_ws/install/turtlebot3_example:/opt/ros/jazzy DEBUGINFOD_URLS=https://debuginfod.ubuntu.com /usr/bin/cmake --build /home/david/Documents/04_MOD/Labor4/ros2_ws/build/tb3_slalom -- -j12 -l12
[0.136s] [ 50%] [32mBuilding CXX object CMakeFiles/tb3_slalom_node.dir/src/tb3_slalom.cpp.o[0m
[3.238s] In file included from [01m[K/opt/ros/jazzy/include/rclcpp/rclcpp/copy_all_parameter_values.hpp:27[m[K,
[3.238s]                  from [01m[K/opt/ros/jazzy/include/rclcpp/rclcpp/rclcpp.hpp:171[m[K,
[3.239s]                  from [01m[K/home/david/Documents/04_MOD/Labor4/ros2_ws/src/tb3_slalom/src/tb3_slalom.cpp:7[m[K:
[3.239s] [01m[K/home/david/Documents/04_MOD/Labor4/ros2_ws/src/tb3_slalom/src/tb3_slalom.cpp:[m[K In member function â€˜[01m[Kvoid MOD_TB3::[01;32m[Kscan_callback[m[K(sensor_msgs::msg::LaserScan_<std::allocator<void> >::SharedPtr)[m[Kâ€™:
[3.239s] [01m[K/home/david/Documents/04_MOD/Labor4/ros2_ws/src/tb3_slalom/src/tb3_slalom.cpp:50:9:[m[K [01;31m[Kerror: [m[Kexpected â€˜[01m[K;[m[Kâ€™ before â€˜[01m[Kdo[m[Kâ€™
[3.239s]    50 |         [01;31m[KRCLCPP_INFO_THROTTLE[m[K(this->get_logger(), *this->get_clock(), 1000,
[3.239s]       |         [01;31m[K^~~~~~~~~~~~~~~~~~~~[m[K
[7.217s] gmake[2]: *** [CMakeFiles/tb3_slalom_node.dir/build.make:76: CMakeFiles/tb3_slalom_node.dir/src/tb3_slalom.cpp.o] Error 1
[7.218s] gmake[1]: *** [CMakeFiles/Makefile2:137: CMakeFiles/tb3_slalom_node.dir/all] Error 2
[7.218s] gmake: *** [Makefile:146: all] Error 2
[7.221s] Invoked command in '/home/david/Documents/04_MOD/Labor4/ros2_ws/build/tb3_slalom' returned '2': CMAKE_PREFIX_PATH=${CMAKE_PREFIX_PATH}:/home/david/turtlebot3_ws/install/turtlebot3_teleop:/home/david/turtlebot3_ws/install/turtlebot3_example:/opt/ros/jazzy DEBUGINFOD_URLS=https://debuginfod.ubuntu.com /usr/bin/cmake --build /home/david/Documents/04_MOD/Labor4/ros2_ws/build/tb3_slalom -- -j12 -l12
