[0.047s] Invoking command in '/home/david/Documents/04_MOD/Labor4/ros2_ws/build/tb3_slalom': CMAKE_PREFIX_PATH=${CMAKE_PREFIX_PATH}:/home/david/turtlebot3_ws/install/turtlebot3_teleop:/home/david/turtlebot3_ws/install/turtlebot3_example:/opt/ros/jazzy DEBUGINFOD_URLS=https://debuginfod.ubuntu.com /usr/bin/cmake --build /home/david/Documents/04_MOD/Labor4/ros2_ws/build/tb3_slalom -- -j12 -l12
[0.243s] [ 50%] [32mBuilding CXX object CMakeFiles/tb3_slalom_node.dir/src/tb3_slalom.cpp.o[0m
[4.329s] [01m[K/home/david/Documents/04_MOD/Labor4/ros2_ws/src/tb3_slalom/src/tb3_slalom.cpp:[m[K In member function â€˜[01m[Kvoid MOD_TB3::[01;32m[Kcontrol_loop[m[K()[m[Kâ€™:
[4.330s] [01m[K/home/david/Documents/04_MOD/Labor4/ros2_ws/src/tb3_slalom/src/tb3_slalom.cpp:112:17:[m[K [01;31m[Kerror: [m[Kâ€˜[01m[Kstart_yaw[m[Kâ€™ was not declared in this scope; did you mean â€˜[01m[Kstart_jaw[m[Kâ€™?
[4.330s]   112 |                 [01;31m[Kstart_yaw[m[K = current_yaw;
[4.330s]       |                 [01;31m[K^~~~~~~~~[m[K
[4.330s]       |                 [32m[Kstart_jaw[m[K
[4.330s] [01m[K/home/david/Documents/04_MOD/Labor4/ros2_ws/src/tb3_slalom/src/tb3_slalom.cpp:132:18:[m[K [01;31m[Kerror: [m[Kjump to case label
[4.330s]   132 |             case [01;31m[K3[m[K:
[4.330s]       |                  [01;31m[K^[m[K
[4.330s] [01m[K/home/david/Documents/04_MOD/Labor4/ros2_ws/src/tb3_slalom/src/tb3_slalom.cpp:116:24:[m[K [01;36m[Knote: [m[K  crosses initialization of â€˜[01m[Kdouble delta_yaw[m[Kâ€™
[4.330s]   116 |                 double [01;36m[Kdelta_yaw[m[K = current_yaw - start_jaw;
[4.330s]       |                        [01;36m[K^~~~~~~~~[m[K
[4.331s] [01m[K/home/david/Documents/04_MOD/Labor4/ros2_ws/src/tb3_slalom/src/tb3_slalom.cpp:135:18:[m[K [01;31m[Kerror: [m[Kjump to case label
[4.331s]   135 |             case [01;31m[K4[m[K:
[4.331s]       |                  [01;31m[K^[m[K
[4.331s] [01m[K/home/david/Documents/04_MOD/Labor4/ros2_ws/src/tb3_slalom/src/tb3_slalom.cpp:116:24:[m[K [01;36m[Knote: [m[K  crosses initialization of â€˜[01m[Kdouble delta_yaw[m[Kâ€™
[4.331s]   116 |                 double [01;36m[Kdelta_yaw[m[K = current_yaw - start_jaw;
[4.331s]       |                        [01;36m[K^~~~~~~~~[m[K
[4.331s] [01m[K/home/david/Documents/04_MOD/Labor4/ros2_ws/src/tb3_slalom/src/tb3_slalom.cpp:137:9:[m[K [01;31m[Kerror: [m[Kexpected primary-expression before â€˜[01m[K}[m[Kâ€™ token
[4.331s]   137 |         [01;31m[K}[m[K
[4.331s]       |         [01;31m[K^[m[K
[9.359s] gmake[2]: *** [CMakeFiles/tb3_slalom_node.dir/build.make:76: CMakeFiles/tb3_slalom_node.dir/src/tb3_slalom.cpp.o] Error 1
[9.359s] gmake[1]: *** [CMakeFiles/Makefile2:137: CMakeFiles/tb3_slalom_node.dir/all] Error 2
[9.359s] gmake: *** [Makefile:146: all] Error 2
[9.363s] Invoked command in '/home/david/Documents/04_MOD/Labor4/ros2_ws/build/tb3_slalom' returned '2': CMAKE_PREFIX_PATH=${CMAKE_PREFIX_PATH}:/home/david/turtlebot3_ws/install/turtlebot3_teleop:/home/david/turtlebot3_ws/install/turtlebot3_example:/opt/ros/jazzy DEBUGINFOD_URLS=https://debuginfod.ubuntu.com /usr/bin/cmake --build /home/david/Documents/04_MOD/Labor4/ros2_ws/build/tb3_slalom -- -j12 -l12
