[ 50%] [32mBuilding CXX object CMakeFiles/tb3_slalom_node.dir/src/tb3_slalom.cpp.o[0m
[01m[K/home/david/Documents/04_MOD/Labor4/ros2_ws/src/tb3_slalom/src/tb3_slalom.cpp:[m[K In member function â€˜[01m[Kvoid MOD_TB3::[01;32m[Kscan_callback[m[K(sensor_msgs::msg::LaserScan_<std::allocator<void> >::SharedPtr)[m[Kâ€™:
[01m[K/home/david/Documents/04_MOD/Labor4/ros2_ws/src/tb3_slalom/src/tb3_slalom.cpp:49:9:[m[K [01;31m[Kerror: [m[Kâ€˜[01m[Kfront_min_dist[m[Kâ€™ was not declared in this scope; did you mean â€˜[01m[Kfront_dist[m[Kâ€™?
   49 |         [01;31m[Kfront_min_dist[m[K = get_min_distance(msg, 0, 90, total);     // 180Â° vorne
      |         [01;31m[K^~~~~~~~~~~~~~[m[K
      |         [32m[Kfront_dist[m[K
[01m[K/home/david/Documents/04_MOD/Labor4/ros2_ws/src/tb3_slalom/src/tb3_slalom.cpp:[m[K In member function â€˜[01m[Kvoid MOD_TB3::[01;32m[Kcontrol_loop[m[K()[m[Kâ€™:
[01m[K/home/david/Documents/04_MOD/Labor4/ros2_ws/src/tb3_slalom/src/tb3_slalom.cpp:119:33:[m[K [01;31m[Kerror: [m[Kâ€˜[01m[Kfront_min_dist[m[Kâ€™ was not declared in this scope; did you mean â€˜[01m[Kfront_dist[m[Kâ€™?
  119 |                 if(front_dist > [01;31m[Kfront_min_dist[m[K){
      |                                 [01;31m[K^~~~~~~~~~~~~~[m[K
      |                                 [32m[Kfront_dist[m[K
gmake[2]: *** [CMakeFiles/tb3_slalom_node.dir/build.make:76: CMakeFiles/tb3_slalom_node.dir/src/tb3_slalom.cpp.o] Error 1
gmake[1]: *** [CMakeFiles/Makefile2:137: CMakeFiles/tb3_slalom_node.dir/all] Error 2
gmake: *** [Makefile:146: all] Error 2
